<?xml version="1.0" encoding="UTF-8"?>
<!-- Generated by org.testng.reporters.JUnitReportReporter -->
<testsuite hostname="LAPTOP-7ON1HGJ6" failures="0" tests="2" name="testCases.LoginTC" time="20.093" errors="0" timestamp="2022-03-11T13:43:34 IST" skipped="0">
  <testcase classname="testCases.LoginTC" name="login" time="11.103"/>
  <system-out/>
  <testcase classname="testCases.LoginTC" name="forgotPassword" time="8.990"/>
  <system-out/>
</testsuite> <!-- testCases.LoginTC -->
