<?xml version="1.0" encoding="UTF-8"?>
<!-- Generated by org.testng.reporters.JUnitReportReporter -->
<testsuite hostname="LAPTOP-7ON1HGJ6" failures="0" tests="1" name="testCases.TestCase" time="12.258" errors="0" timestamp="2022-02-27T17:06:01 IST" skipped="0">
  <testcase classname="testCases.TestCase" name="loggedin" time="12.258"/>
  <system-out/>
</testsuite> <!-- testCases.TestCase -->
